Using pre-set license
Built from '2021.3/release' branch; Version is '2021.3.17f1 (3e8111cac19d) revision 4096273'; Using compiler version '192829333'; Build Type 'Release'
OS: 'Windows 10  (10.0.19044) 64bit Enterprise' Language: 'en' Physical Memory: 32560 MB
BatchMode: 1, IsHumanControllingUs: 0, StartBugReporterOnCrash: 0, Is64bit: 1, IsPro: 1

COMMAND LINE ARGUMENTS:
C:\Program Files\Unity\Hub\Editor\2021.3.17f1\Editor\Unity.exe
-adb2
-batchMode
-noUpm
-name
AssetImportWorker0
-projectPath
C:/Users/JG854613/Documents/INF-471-JG/state-machines-demo
-logFile
Logs/AssetImportWorker0.log
-srvPort
55499
Successfully changed project path to: C:/Users/JG854613/Documents/INF-471-JG/state-machines-demo
C:/Users/JG854613/Documents/INF-471-JG/state-machines-demo
[UnityMemory] Configuration Parameters - Can be set up in boot.config
    "memorysetup-bucket-allocator-granularity=16"
    "memorysetup-bucket-allocator-bucket-count=8"
    "memorysetup-bucket-allocator-block-size=33554432"
    "memorysetup-bucket-allocator-block-count=8"
    "memorysetup-main-allocator-block-size=16777216"
    "memorysetup-thread-allocator-block-size=16777216"
    "memorysetup-gfx-main-allocator-block-size=16777216"
    "memorysetup-gfx-thread-allocator-block-size=16777216"
    "memorysetup-cache-allocator-block-size=4194304"
    "memorysetup-typetree-allocator-block-size=2097152"
    "memorysetup-profiler-bucket-allocator-granularity=16"
    "memorysetup-profiler-bucket-allocator-bucket-count=8"
    "memorysetup-profiler-bucket-allocator-block-size=33554432"
    "memorysetup-profiler-bucket-allocator-block-count=8"
    "memorysetup-profiler-allocator-block-size=16777216"
    "memorysetup-profiler-editor-allocator-block-size=1048576"
    "memorysetup-temp-allocator-size-main=16777216"
    "memorysetup-job-temp-allocator-block-size=2097152"
    "memorysetup-job-temp-allocator-block-size-background=1048576"
    "memorysetup-job-temp-allocator-reduction-small-platforms=262144"
    "memorysetup-temp-allocator-size-background-worker=32768"
    "memorysetup-temp-allocator-size-job-worker=262144"
    "memorysetup-temp-allocator-size-preload-manager=33554432"
    "memorysetup-temp-allocator-size-nav-mesh-worker=65536"
    "memorysetup-temp-allocator-size-audio-worker=65536"
    "memorysetup-temp-allocator-size-cloud-worker=32768"
    "memorysetup-temp-allocator-size-gi-baking-worker=262144"
    "memorysetup-temp-allocator-size-gfx=262144"
Player connection [22700] Host "[IP] 169.226.176.141 [Port] 0 [Flags] 2 [Guid] 3560671824 [EditorId] 3560671824 [Version] 1048832 [Id] WindowsEditor(7,SLG12-25) [Debug] 1 [PackageName] WindowsEditor [ProjectName] Editor" joined multi-casting on [225.0.0.222:54997]...

Player connection [22700] Host "[IP] 169.226.176.141 [Port] 0 [Flags] 2 [Guid] 3560671824 [EditorId] 3560671824 [Version] 1048832 [Id] WindowsEditor(7,SLG12-25) [Debug] 1 [PackageName] WindowsEditor [ProjectName] Editor" joined alternative multi-casting on [225.0.0.222:34997]...

Refreshing native plugins compatible for Editor in 249.79 ms, found 3 plugins.
Preloading 0 native plugins for Editor in 0.00 ms.
Initialize engine version: 2021.3.17f1 (3e8111cac19d)
[Subsystems] Discovering subsystems at path C:/Program Files/Unity/Hub/Editor/2021.3.17f1/Editor/Data/Resources/UnitySubsystems
[Subsystems] Discovering subsystems at path C:/Users/JG854613/Documents/INF-471-JG/state-machines-demo/Assets
GfxDevice: creating device client; threaded=0; jobified=0
Direct3D:
    Version:  Direct3D 11.0 [level 11.1]
    Renderer: NVIDIA GeForce RTX 3080 (ID=0x2216)
    Vendor:   NVIDIA
    VRAM:     10053 MB
    Driver:   31.0.15.5123
Initialize mono
Mono path[0] = 'C:/Program Files/Unity/Hub/Editor/2021.3.17f1/Editor/Data/Managed'
Mono path[1] = 'C:/Program Files/Unity/Hub/Editor/2021.3.17f1/Editor/Data/MonoBleedingEdge/lib/mono/unityjit-win32'
Mono config path = 'C:/Program Files/Unity/Hub/Editor/2021.3.17f1/Editor/Data/MonoBleedingEdge/etc'
Using monoOptions --debugger-agent=transport=dt_socket,embedding=1,server=y,suspend=n,address=127.0.0.1:56588
Begin MonoManager ReloadAssembly
Registering precompiled unity dll's ...
Register platform support module: C:/Program Files/Unity/Hub/Editor/2021.3.17f1/Editor/Data/PlaybackEngines/WebGLSupport/UnityEditor.WebGL.Extensions.dll
Register platform support module: C:/Program Files/Unity/Hub/Editor/2021.3.17f1/Editor/Data/PlaybackEngines/AndroidPlayer/UnityEditor.Android.Extensions.dll
Register platform support module: C:/Program Files/Unity/Hub/Editor/2021.3.17f1/Editor/Data/PlaybackEngines/WindowsStandaloneSupport/UnityEditor.WindowsStandalone.Extensions.dll
Registered in 0.284769 seconds.
Native extension for WindowsStandalone target not found
Native extension for Android target not found
Android Extension - Scanning For ADB Devices 436 ms
Native extension for WebGL target not found
Refreshing native plugins compatible for Editor in 91.62 ms, found 3 plugins.
Preloading 0 native plugins for Editor in 0.00 ms.
Mono: successfully reloaded assembly
- Completed reload, in  5.380 seconds
Domain Reload Profiling:
	ReloadAssembly (5381ms)
		BeginReloadAssembly (3192ms)
			ExecutionOrderSort (0ms)
			DisableScriptedObjects (0ms)
			BackupInstance (0ms)
			ReleaseScriptingObjects (0ms)
			CreateAndSetChildDomain (0ms)
		EndReloadAssembly (1594ms)
			LoadAssemblies (3197ms)
			RebuildTransferFunctionScriptingTraits (1ms)
			SetupTypeCache (700ms)
			ReleaseScriptCaches (0ms)
			RebuildScriptCaches (34ms)
			SetupLoadedEditorAssemblies (791ms)
				LogAssemblyErrors (0ms)
				InitializePlatformSupportModulesInManaged (535ms)
				SetLoadedEditorAssemblies (0ms)
				RefreshPlugins (92ms)
				BeforeProcessingInitializeOnLoad (1ms)
				ProcessInitializeOnLoadAttributes (103ms)
				ProcessInitializeOnLoadMethodAttributes (59ms)
				AfterProcessingInitializeOnLoad (0ms)
				EditorAssembliesLoaded (0ms)
			ExecutionOrderSort2 (0ms)
			AwakeInstancesAfterBackupRestoration (0ms)
Platform modules already initialized, skipping
Registering precompiled user dll's ...
Registered in 0.893056 seconds.
Begin MonoManager ReloadAssembly
Symbol file LoadedFromMemory doesn't match image C:\Users\JG854613\Documents\INF-471-JG\state-machines-demo\Library\PackageCache\com.unity.visualscripting@1.8.0\Editor\VisualScripting.Core\Dependencies\YamlDotNet\Unity.VisualScripting.YamlDotNet.dll
Symbol file LoadedFromMemory doesn't match image C:\Users\JG854613\Documents\INF-471-JG\state-machines-demo\Library\PackageCache\com.unity.visualscripting@1.8.0\Editor\VisualScripting.Core\Dependencies\DotNetZip\Unity.VisualScripting.IonicZip.dll
Native extension for WindowsStandalone target not found
Native extension for Android target not found
Native extension for WebGL target not found
Refreshing native plugins compatible for Editor in 0.58 ms, found 3 plugins.
Preloading 0 native plugins for Editor in 0.00 ms.
Mono: successfully reloaded assembly
- Completed reload, in  4.548 seconds
Domain Reload Profiling:
	ReloadAssembly (4550ms)
		BeginReloadAssembly (108ms)
			ExecutionOrderSort (0ms)
			DisableScriptedObjects (6ms)
			BackupInstance (0ms)
			ReleaseScriptingObjects (0ms)
			CreateAndSetChildDomain (21ms)
		EndReloadAssembly (4238ms)
			LoadAssemblies (2274ms)
			RebuildTransferFunctionScriptingTraits (0ms)
			SetupTypeCache (744ms)
			ReleaseScriptCaches (1ms)
			RebuildScriptCaches (59ms)
			SetupLoadedEditorAssemblies (1078ms)
				LogAssemblyErrors (0ms)
				InitializePlatformSupportModulesInManaged (21ms)
				SetLoadedEditorAssemblies (0ms)
				RefreshPlugins (1ms)
				BeforeProcessingInitializeOnLoad (107ms)
				ProcessInitializeOnLoadAttributes (262ms)
				ProcessInitializeOnLoadMethodAttributes (672ms)
				AfterProcessingInitializeOnLoad (15ms)
				EditorAssembliesLoaded (0ms)
			ExecutionOrderSort2 (0ms)
			AwakeInstancesAfterBackupRestoration (8ms)
Platform modules already initialized, skipping
========================================================================
Worker process is ready to serve import requests
Launched and connected shader compiler UnityShaderCompiler.exe after 0.07 seconds
Refreshing native plugins compatible for Editor in 0.37 ms, found 3 plugins.
Preloading 0 native plugins for Editor in 0.00 ms.
Unloading 3376 Unused Serialized files (Serialized files now loaded: 0)
Unloading 27 unused Assets / (113.4 KB). Loaded Objects now: 3835.
Memory consumption went from 115.6 MB to 115.5 MB.
Total: 2.720600 ms (FindLiveObjects: 0.208300 ms CreateObjectMapping: 0.100200 ms MarkObjects: 2.354100 ms  DeleteObjects: 0.056000 ms)

AssetImportParameters requested are different than current active one (requested -> active):
  custom:video-decoder-ogg-theora: a1e56fd34408186e4bbccfd4996cb3dc -> 
  custom:container-muxer-webm: aa71ff27fc2769a1b78a27578f13a17b -> 
  custom:container-demuxer-webm: 4f35f7cbe854078d1ac9338744f61a02 -> 
  custom:video-encoder-webm-vp8: eb34c28f22e8b96e1ab97ce403110664 -> 
  custom:audio-encoder-webm-vorbis: bf7c407c2cedff20999df2af8eb42d56 -> 
  custom:framework-win-MediaFoundation: 216162199b28c13a410421893ffa2e32 -> 
  custom:container-demuxer-ogg: 62fdf1f143b41e24485cea50d1cbac27 -> 
  custom:video-decoder-webm-vp8: 9c59270c3fd7afecdb556c50c9e8de78 -> 
  custom:audio-decoder-ogg-vorbis: bf7c407c2cedff20999df2af8eb42d56 -> 
========================================================================
Received Import Request.
  Time since last request: 46450.046346 seconds.
  path: Assets/unity-sky.fbx
  artifactKey: Guid(6ad96934872767649a455a8bb0925c7b) Importer(815301076,1909f56bfc062723c751e8b465ee728b)
Start importing Assets/unity-sky.fbx using Guid(6ad96934872767649a455a8bb0925c7b) Importer(815301076,1909f56bfc062723c751e8b465ee728b)  -> (artifact id: 'dbfc932ea816994775d277b3382a9300') in 0.370163 seconds 
========================================================================
Received Import Request.
  Time since last request: 86.300555 seconds.
  path: Assets/unity-sky.fbx
  artifactKey: Guid(6ad96934872767649a455a8bb0925c7b) Importer(815301076,1909f56bfc062723c751e8b465ee728b)
Start importing Assets/unity-sky.fbx using Guid(6ad96934872767649a455a8bb0925c7b) Importer(815301076,1909f56bfc062723c751e8b465ee728b)  -> (artifact id: '4d1dd6f8ea7a33cca15309eaeaffaabc') in 0.064351 seconds 
========================================================================
Received Import Request.
  Time since last request: 26.374785 seconds.
  path: Assets/unity-sky.fbx
  artifactKey: Guid(6ad96934872767649a455a8bb0925c7b) Importer(815301076,1909f56bfc062723c751e8b465ee728b)
Start importing Assets/unity-sky.fbx using Guid(6ad96934872767649a455a8bb0925c7b) Importer(815301076,1909f56bfc062723c751e8b465ee728b)  -> (artifact id: 'dfb308bbaca0d243e5635e7fa39987c3') in 0.048856 seconds 
========================================================================
Received Import Request.
  Time since last request: 154.496132 seconds.
  path: Assets/unity-sky.fbx
  artifactKey: Guid(6ad96934872767649a455a8bb0925c7b) Importer(815301076,1909f56bfc062723c751e8b465ee728b)
Start importing Assets/unity-sky.fbx using Guid(6ad96934872767649a455a8bb0925c7b) Importer(815301076,1909f56bfc062723c751e8b465ee728b)  -> (artifact id: 'd66343380111944088680a6403af99e6') in 0.063784 seconds 
========================================================================
Received Import Request.
  Time since last request: 20.647897 seconds.
  path: Assets/SkyControl.controller
  artifactKey: Guid(0a9da01294767e049889f27ac75cad37) Importer(815301076,1909f56bfc062723c751e8b465ee728b)
Start importing Assets/SkyControl.controller using Guid(0a9da01294767e049889f27ac75cad37) Importer(815301076,1909f56bfc062723c751e8b465ee728b)  -> (artifact id: 'a567e1e146f840d3bf814aad90e9505c') in 0.024281 seconds 
========================================================================
Received Import Request.
  Time since last request: 17.629093 seconds.
  path: Assets/unity-sky.prefab
  artifactKey: Guid(d3461b961280baf44987215b64db00c4) Importer(815301076,1909f56bfc062723c751e8b465ee728b)
Start importing Assets/unity-sky.prefab using Guid(d3461b961280baf44987215b64db00c4) Importer(815301076,1909f56bfc062723c751e8b465ee728b)  -> (artifact id: '2e7abff3ff68c5d707a1012112fb270a') in 0.024958 seconds 
========================================================================
Received Import Request.
  Time since last request: 6.693223 seconds.
  path: Assets/unity-sky.prefab
  artifactKey: Guid(d3461b961280baf44987215b64db00c4) Importer(815301076,1909f56bfc062723c751e8b465ee728b)
Start importing Assets/unity-sky.prefab using Guid(d3461b961280baf44987215b64db00c4) Importer(815301076,1909f56bfc062723c751e8b465ee728b) The Animator Controller (SkyControl) you have used is not valid. Animations will not play
UnityEngine.StackTraceUtility:ExtractStackTrace ()
UnityEditor.EditorUtility:Internal_InstantiateRemoveAllNonAnimationComponentsSingle (UnityEngine.Object,UnityEngine.Vector3,UnityEngine.Quaternion)
UnityEditor.EditorUtility:InstantiateRemoveAllNonAnimationComponents (UnityEngine.Object,UnityEngine.Vector3,UnityEngine.Quaternion)
UnityEditor.EditorUtility:InstantiateForAnimatorPreview (UnityEngine.Object)
UnityEditor.GameObjectInspector/PreviewData:UpdateGameObject (UnityEngine.Object)
UnityEditor.GameObjectInspector/PreviewData:.ctor (UnityEngine.Object)
UnityEditor.GameObjectInspector:GetPreviewData ()
UnityEditor.GameObjectInspector:RenderStaticPreview (string,UnityEngine.Object[],int,int)
UnityEditor.AssetPreviewUpdater:CreatePreview (UnityEngine.Object,UnityEngine.Object[],string,int,int)
UnityEditor.AssetPreviewUpdater:CreatePreviewForAsset (UnityEngine.Object,UnityEngine.Object[],string)

[C:\build\output\unity\unity\Modules\Animation\Director\AnimatorControllerPlayable.cpp line 333]

The Animator Controller (SkyControl) you have used is not valid. Animations will not play
UnityEngine.StackTraceUtility:ExtractStackTrace ()
UnityEditor.EditorUtility:InitInstantiatedPreviewRecursive (UnityEngine.GameObject)
UnityEditor.EditorUtility:InstantiateForAnimatorPreview (UnityEngine.Object)
UnityEditor.GameObjectInspector/PreviewData:UpdateGameObject (UnityEngine.Object)
UnityEditor.GameObjectInspector/PreviewData:.ctor (UnityEngine.Object)
UnityEditor.GameObjectInspector:GetPreviewData ()
UnityEditor.GameObjectInspector:RenderStaticPreview (string,UnityEngine.Object[],int,int)
UnityEditor.AssetPreviewUpdater:CreatePreview (UnityEngine.Object,UnityEngine.Object[],string,int,int)
UnityEditor.AssetPreviewUpdater:CreatePreviewForAsset (UnityEngine.Object,UnityEngine.Object[],string)

[C:\build\output\unity\unity\Modules\Animation\Director\AnimatorControllerPlayable.cpp line 333]

 -> (artifact id: 'd3f11b3e67448f19eb89e2fd5e81491d') in 0.015059 seconds 
========================================================================
Received Import Request.
  Time since last request: 49.407443 seconds.
  path: Assets/SkyControl.controller
  artifactKey: Guid(0a9da01294767e049889f27ac75cad37) Importer(815301076,1909f56bfc062723c751e8b465ee728b)
Start importing Assets/SkyControl.controller using Guid(0a9da01294767e049889f27ac75cad37) Importer(815301076,1909f56bfc062723c751e8b465ee728b)  -> (artifact id: '7be04ba63d3ab6ecada2cc89d13a0494') in 0.004320 seconds 
========================================================================
Received Import Request.
  Time since last request: 30.125446 seconds.
  path: Assets/PlayerPrefab.prefab
  artifactKey: Guid(947628e569ae28c41bd5c31e436e521c) Importer(815301076,1909f56bfc062723c751e8b465ee728b)
Start importing Assets/PlayerPrefab.prefab using Guid(947628e569ae28c41bd5c31e436e521c) Importer(815301076,1909f56bfc062723c751e8b465ee728b)  -> (artifact id: '6aabfa461e904ed2ea31c2dd0d22a182') in 0.038575 seconds 
========================================================================
Received Prepare
Registering precompiled user dll's ...
Registered in 0.008688 seconds.
Begin MonoManager ReloadAssembly
