Using pre-set license
Built from '2021.3/release' branch; Version is '2021.3.17f1 (3e8111cac19d) revision 4096273'; Using compiler version '192829333'; Build Type 'Release'
OS: 'Windows 10  (10.0.19044) 64bit Enterprise' Language: 'en' Physical Memory: 32560 MB
BatchMode: 1, IsHumanControllingUs: 0, StartBugReporterOnCrash: 0, Is64bit: 1, IsPro: 1

COMMAND LINE ARGUMENTS:
C:\Program Files\Unity\Hub\Editor\2021.3.17f1\Editor\Unity.exe
-adb2
-batchMode
-noUpm
-name
AssetImportWorker2
-projectPath
C:/Users/JG854613/Documents/INF-471-JG
-logFile
Logs/AssetImportWorker2.log
-srvPort
60293
Successfully changed project path to: C:/Users/JG854613/Documents/INF-471-JG
C:/Users/JG854613/Documents/INF-471-JG
[UnityMemory] Configuration Parameters - Can be set up in boot.config
    "memorysetup-bucket-allocator-granularity=16"
    "memorysetup-bucket-allocator-bucket-count=8"
    "memorysetup-bucket-allocator-block-size=33554432"
    "memorysetup-bucket-allocator-block-count=8"
    "memorysetup-main-allocator-block-size=16777216"
    "memorysetup-thread-allocator-block-size=16777216"
    "memorysetup-gfx-main-allocator-block-size=16777216"
    "memorysetup-gfx-thread-allocator-block-size=16777216"
    "memorysetup-cache-allocator-block-size=4194304"
    "memorysetup-typetree-allocator-block-size=2097152"
    "memorysetup-profiler-bucket-allocator-granularity=16"
    "memorysetup-profiler-bucket-allocator-bucket-count=8"
    "memorysetup-profiler-bucket-allocator-block-size=33554432"
    "memorysetup-profiler-bucket-allocator-block-count=8"
    "memorysetup-profiler-allocator-block-size=16777216"
    "memorysetup-profiler-editor-allocator-block-size=1048576"
    "memorysetup-temp-allocator-size-main=16777216"
    "memorysetup-job-temp-allocator-block-size=2097152"
    "memorysetup-job-temp-allocator-block-size-background=1048576"
    "memorysetup-job-temp-allocator-reduction-small-platforms=262144"
    "memorysetup-temp-allocator-size-background-worker=32768"
    "memorysetup-temp-allocator-size-job-worker=262144"
    "memorysetup-temp-allocator-size-preload-manager=33554432"
    "memorysetup-temp-allocator-size-nav-mesh-worker=65536"
    "memorysetup-temp-allocator-size-audio-worker=65536"
    "memorysetup-temp-allocator-size-cloud-worker=32768"
    "memorysetup-temp-allocator-size-gi-baking-worker=262144"
    "memorysetup-temp-allocator-size-gfx=262144"
Player connection [21300] Host "[IP] 169.226.176.141 [Port] 0 [Flags] 2 [Guid] 1558800299 [EditorId] 1558800299 [Version] 1048832 [Id] WindowsEditor(7,SLG12-25) [Debug] 1 [PackageName] WindowsEditor [ProjectName] Editor" joined multi-casting on [225.0.0.222:54997]...

Player connection [21300] Host "[IP] 169.226.176.141 [Port] 0 [Flags] 2 [Guid] 1558800299 [EditorId] 1558800299 [Version] 1048832 [Id] WindowsEditor(7,SLG12-25) [Debug] 1 [PackageName] WindowsEditor [ProjectName] Editor" joined alternative multi-casting on [225.0.0.222:34997]...

Refreshing native plugins compatible for Editor in 107.04 ms, found 3 plugins.
Preloading 0 native plugins for Editor in 0.00 ms.
Initialize engine version: 2021.3.17f1 (3e8111cac19d)
[Subsystems] Discovering subsystems at path C:/Program Files/Unity/Hub/Editor/2021.3.17f1/Editor/Data/Resources/UnitySubsystems
[Subsystems] Discovering subsystems at path C:/Users/JG854613/Documents/INF-471-JG/Assets
GfxDevice: creating device client; threaded=0; jobified=0
Direct3D:
    Version:  Direct3D 11.0 [level 11.1]
    Renderer: NVIDIA GeForce RTX 3080 (ID=0x2216)
    Vendor:   NVIDIA
    VRAM:     10078 MB
    Driver:   30.0.15.1277
Initialize mono
Mono path[0] = 'C:/Program Files/Unity/Hub/Editor/2021.3.17f1/Editor/Data/Managed'
Mono path[1] = 'C:/Program Files/Unity/Hub/Editor/2021.3.17f1/Editor/Data/MonoBleedingEdge/lib/mono/unityjit-win32'
Mono config path = 'C:/Program Files/Unity/Hub/Editor/2021.3.17f1/Editor/Data/MonoBleedingEdge/etc'
Using monoOptions --debugger-agent=transport=dt_socket,embedding=1,server=y,suspend=n,address=127.0.0.1:56380
Begin MonoManager ReloadAssembly
Registering precompiled unity dll's ...
Register platform support module: C:/Program Files/Unity/Hub/Editor/2021.3.17f1/Editor/Data/PlaybackEngines/WebGLSupport/UnityEditor.WebGL.Extensions.dll
Register platform support module: C:/Program Files/Unity/Hub/Editor/2021.3.17f1/Editor/Data/PlaybackEngines/WindowsStandaloneSupport/UnityEditor.WindowsStandalone.Extensions.dll
Registered in 0.009947 seconds.
Native extension for WindowsStandalone target not found
Native extension for WebGL target not found
Refreshing native plugins compatible for Editor in 105.89 ms, found 3 plugins.
Preloading 0 native plugins for Editor in 0.00 ms.
Mono: successfully reloaded assembly
- Completed reload, in  0.792 seconds
Domain Reload Profiling:
	ReloadAssembly (793ms)
		BeginReloadAssembly (90ms)
			ExecutionOrderSort (0ms)
			DisableScriptedObjects (0ms)
			BackupInstance (0ms)
			ReleaseScriptingObjects (0ms)
			CreateAndSetChildDomain (1ms)
		EndReloadAssembly (569ms)
			LoadAssemblies (87ms)
			RebuildTransferFunctionScriptingTraits (0ms)
			SetupTypeCache (119ms)
			ReleaseScriptCaches (0ms)
			RebuildScriptCaches (34ms)
			SetupLoadedEditorAssemblies (353ms)
				LogAssemblyErrors (0ms)
				InitializePlatformSupportModulesInManaged (12ms)
				SetLoadedEditorAssemblies (1ms)
				RefreshPlugins (106ms)
				BeforeProcessingInitializeOnLoad (2ms)
				ProcessInitializeOnLoadAttributes (174ms)
				ProcessInitializeOnLoadMethodAttributes (59ms)
				AfterProcessingInitializeOnLoad (0ms)
				EditorAssembliesLoaded (0ms)
			ExecutionOrderSort2 (0ms)
			AwakeInstancesAfterBackupRestoration (0ms)
Platform modules already initialized, skipping
Registering precompiled user dll's ...
Registered in 0.008451 seconds.
Begin MonoManager ReloadAssembly
Native extension for WindowsStandalone target not found
Native extension for WebGL target not found
Refreshing native plugins compatible for Editor in 107.30 ms, found 3 plugins.
Preloading 0 native plugins for Editor in 0.00 ms.
Mono: successfully reloaded assembly
- Completed reload, in  1.414 seconds
Domain Reload Profiling:
	ReloadAssembly (1415ms)
		BeginReloadAssembly (122ms)
			ExecutionOrderSort (0ms)
			DisableScriptedObjects (7ms)
			BackupInstance (0ms)
			ReleaseScriptingObjects (0ms)
			CreateAndSetChildDomain (19ms)
		EndReloadAssembly (1152ms)
			LoadAssemblies (91ms)
			RebuildTransferFunctionScriptingTraits (0ms)
			SetupTypeCache (321ms)
			ReleaseScriptCaches (1ms)
			RebuildScriptCaches (62ms)
			SetupLoadedEditorAssemblies (615ms)
				LogAssemblyErrors (0ms)
				InitializePlatformSupportModulesInManaged (7ms)
				SetLoadedEditorAssemblies (0ms)
				RefreshPlugins (107ms)
				BeforeProcessingInitializeOnLoad (116ms)
				ProcessInitializeOnLoadAttributes (350ms)
				ProcessInitializeOnLoadMethodAttributes (24ms)
				AfterProcessingInitializeOnLoad (10ms)
				EditorAssembliesLoaded (0ms)
			ExecutionOrderSort2 (0ms)
			AwakeInstancesAfterBackupRestoration (9ms)
Platform modules already initialized, skipping
========================================================================
Worker process is ready to serve import requests
Launched and connected shader compiler UnityShaderCompiler.exe after 0.06 seconds
Refreshing native plugins compatible for Editor in 0.49 ms, found 3 plugins.
Preloading 0 native plugins for Editor in 0.00 ms.
Unloading 3749 Unused Serialized files (Serialized files now loaded: 0)
Unloading 30 unused Assets / (115.0 KB). Loaded Objects now: 4211.
Memory consumption went from 136.6 MB to 136.5 MB.
Total: 2.265100 ms (FindLiveObjects: 0.191700 ms CreateObjectMapping: 0.098400 ms MarkObjects: 1.868500 ms  DeleteObjects: 0.104300 ms)

AssetImportParameters requested are different than current active one (requested -> active):
  custom:video-decoder-ogg-theora: a1e56fd34408186e4bbccfd4996cb3dc -> 
  custom:container-muxer-webm: aa71ff27fc2769a1b78a27578f13a17b -> 
  custom:container-demuxer-webm: 4f35f7cbe854078d1ac9338744f61a02 -> 
  custom:video-encoder-webm-vp8: eb34c28f22e8b96e1ab97ce403110664 -> 
  custom:audio-encoder-webm-vorbis: bf7c407c2cedff20999df2af8eb42d56 -> 
  custom:framework-win-MediaFoundation: 216162199b28c13a410421893ffa2e32 -> 
  custom:container-demuxer-ogg: 62fdf1f143b41e24485cea50d1cbac27 -> 
  custom:video-decoder-webm-vp8: 9c59270c3fd7afecdb556c50c9e8de78 -> 
  custom:audio-decoder-ogg-vorbis: bf7c407c2cedff20999df2af8eb42d56 -> 
========================================================================
Received Import Request.
  Time since last request: 43978.594688 seconds.
  path: Assets/ww (14).prefab
  artifactKey: Guid(3966cfbf9b8461846bae8115a6fcd6a8) Importer(815301076,1909f56bfc062723c751e8b465ee728b)
Start importing Assets/ww (14).prefab using Guid(3966cfbf9b8461846bae8115a6fcd6a8) Importer(815301076,1909f56bfc062723c751e8b465ee728b)  -> (artifact id: '9989a04588ecf30aad9a4d4586e96a78') in 0.115148 seconds 
========================================================================
Received Import Request.
  Time since last request: 0.000028 seconds.
  path: Assets/Cylinder (16).prefab
  artifactKey: Guid(a301e9b3d16cc5f44848be93482315ce) Importer(815301076,1909f56bfc062723c751e8b465ee728b)
Start importing Assets/Cylinder (16).prefab using Guid(a301e9b3d16cc5f44848be93482315ce) Importer(815301076,1909f56bfc062723c751e8b465ee728b)  -> (artifact id: '9152b8dd305530b1c6050a839b6f5aac') in 0.016733 seconds 
========================================================================
Received Import Request.
  Time since last request: 0.000025 seconds.
  path: Assets/ww (10).prefab
  artifactKey: Guid(62c5b755c27c9504996e901bb4859276) Importer(815301076,1909f56bfc062723c751e8b465ee728b)
Start importing Assets/ww (10).prefab using Guid(62c5b755c27c9504996e901bb4859276) Importer(815301076,1909f56bfc062723c751e8b465ee728b)  -> (artifact id: 'e444cce555d1e48df866635045491394') in 0.019899 seconds 
========================================================================
Received Import Request.
  Time since last request: 0.000021 seconds.
  path: Assets/ww (12).prefab
  artifactKey: Guid(ebf8e1a23dc38344d97e5e7fcf6f3e89) Importer(815301076,1909f56bfc062723c751e8b465ee728b)
Start importing Assets/ww (12).prefab using Guid(ebf8e1a23dc38344d97e5e7fcf6f3e89) Importer(815301076,1909f56bfc062723c751e8b465ee728b)  -> (artifact id: 'f2627d59601aa5b20ee6816621a36ed4') in 0.022934 seconds 
========================================================================
Received Import Request.
  Time since last request: 0.000022 seconds.
  path: Assets/Cylinder (6).prefab
  artifactKey: Guid(bb3de6b4e3d627c4ba8cc39448181e63) Importer(815301076,1909f56bfc062723c751e8b465ee728b)
Start importing Assets/Cylinder (6).prefab using Guid(bb3de6b4e3d627c4ba8cc39448181e63) Importer(815301076,1909f56bfc062723c751e8b465ee728b)  -> (artifact id: '0e097fa242e2a3825c199c325e7b3329') in 0.017255 seconds 
========================================================================
Received Import Request.
  Time since last request: 0.000023 seconds.
  path: Assets/Cylinder (15).prefab
  artifactKey: Guid(366b8d8c686d2dc4099434e12715fa46) Importer(815301076,1909f56bfc062723c751e8b465ee728b)
Start importing Assets/Cylinder (15).prefab using Guid(366b8d8c686d2dc4099434e12715fa46) Importer(815301076,1909f56bfc062723c751e8b465ee728b)  -> (artifact id: 'aa1b38b9cbda10c7859f51e85c4e4937') in 0.019212 seconds 
========================================================================
Received Import Request.
  Time since last request: 0.000034 seconds.
  path: Assets/ww (7).prefab
  artifactKey: Guid(e3f1af21d6db95944a940cf1be9b1b89) Importer(815301076,1909f56bfc062723c751e8b465ee728b)
Start importing Assets/ww (7).prefab using Guid(e3f1af21d6db95944a940cf1be9b1b89) Importer(815301076,1909f56bfc062723c751e8b465ee728b)  -> (artifact id: '425a1e4dac1562d9ffb31ccb2945415c') in 0.018032 seconds 
========================================================================
Received Import Request.
  Time since last request: 0.000024 seconds.
  path: Assets/Cylinder (10).prefab
  artifactKey: Guid(faef8fbe36dce044a9e0741159db0968) Importer(815301076,1909f56bfc062723c751e8b465ee728b)
Start importing Assets/Cylinder (10).prefab using Guid(faef8fbe36dce044a9e0741159db0968) Importer(815301076,1909f56bfc062723c751e8b465ee728b)  -> (artifact id: 'e884e3adeb462fd0dd5dd9a3c492b2a8') in 0.017737 seconds 
========================================================================
Received Import Request.
  Time since last request: 0.000026 seconds.
  path: Assets/smiley-face-fabric-263969_1600x-1813790449.jpg
  artifactKey: Guid(31aa7d43548458040ad61985ae7d88a5) Importer(815301076,1909f56bfc062723c751e8b465ee728b)
Start importing Assets/smiley-face-fabric-263969_1600x-1813790449.jpg using Guid(31aa7d43548458040ad61985ae7d88a5) Importer(815301076,1909f56bfc062723c751e8b465ee728b)  -> (artifact id: '1ed1c4183941ef728498397780d24cc8') in 0.033357 seconds 
========================================================================
Received Import Request.
  Time since last request: 0.000028 seconds.
  path: Assets/ww (3).prefab
  artifactKey: Guid(777c2e48830e3e4468c247e630a622a2) Importer(815301076,1909f56bfc062723c751e8b465ee728b)
Start importing Assets/ww (3).prefab using Guid(777c2e48830e3e4468c247e630a622a2) Importer(815301076,1909f56bfc062723c751e8b465ee728b)  -> (artifact id: 'c353db92ce024352fc1bf454af722cff') in 0.023677 seconds 
========================================================================
Received Import Request.
  Time since last request: 0.000025 seconds.
  path: Assets/ww (15).prefab
  artifactKey: Guid(e9790f5366aa95f42804fe58696e50bf) Importer(815301076,1909f56bfc062723c751e8b465ee728b)
Start importing Assets/ww (15).prefab using Guid(e9790f5366aa95f42804fe58696e50bf) Importer(815301076,1909f56bfc062723c751e8b465ee728b)  -> (artifact id: 'c02fd9cfaf857ed85ef242f45291a5df') in 0.017999 seconds 
