Using pre-set license
Built from '2021.3/staging' branch; Version is '2021.3.16f1 (4016570cf34f) revision 4200023'; Using compiler version '192829333'; Build Type 'Release'
OS: 'Windows 11  (10.0.22631) 64bit Professional' Language: 'en' Physical Memory: 32568 MB
BatchMode: 1, IsHumanControllingUs: 0, StartBugReporterOnCrash: 0, Is64bit: 1, IsPro: 1

COMMAND LINE ARGUMENTS:
C:\Program Files\Unity\Hub\Editor\2021.3.16f1\Editor\Unity.exe
-adb2
-batchMode
-noUpm
-name
AssetImportWorker3
-projectPath
C:/Users/16313/OneDrive/git-repos/INF-471-JG/fps471
-logFile
Logs/AssetImportWorker3.log
-srvPort
52886
Successfully changed project path to: C:/Users/16313/OneDrive/git-repos/INF-471-JG/fps471
C:/Users/16313/OneDrive/git-repos/INF-471-JG/fps471
[UnityMemory] Configuration Parameters - Can be set up in boot.config
    "memorysetup-bucket-allocator-granularity=16"
    "memorysetup-bucket-allocator-bucket-count=8"
    "memorysetup-bucket-allocator-block-size=33554432"
    "memorysetup-bucket-allocator-block-count=8"
    "memorysetup-main-allocator-block-size=16777216"
    "memorysetup-thread-allocator-block-size=16777216"
    "memorysetup-gfx-main-allocator-block-size=16777216"
    "memorysetup-gfx-thread-allocator-block-size=16777216"
    "memorysetup-cache-allocator-block-size=4194304"
    "memorysetup-typetree-allocator-block-size=2097152"
    "memorysetup-profiler-bucket-allocator-granularity=16"
    "memorysetup-profiler-bucket-allocator-bucket-count=8"
    "memorysetup-profiler-bucket-allocator-block-size=33554432"
    "memorysetup-profiler-bucket-allocator-block-count=8"
    "memorysetup-profiler-allocator-block-size=16777216"
    "memorysetup-profiler-editor-allocator-block-size=1048576"
    "memorysetup-temp-allocator-size-main=16777216"
    "memorysetup-job-temp-allocator-block-size=2097152"
    "memorysetup-job-temp-allocator-block-size-background=1048576"
    "memorysetup-job-temp-allocator-reduction-small-platforms=262144"
    "memorysetup-temp-allocator-size-background-worker=32768"
    "memorysetup-temp-allocator-size-job-worker=262144"
    "memorysetup-temp-allocator-size-preload-manager=33554432"
    "memorysetup-temp-allocator-size-nav-mesh-worker=65536"
    "memorysetup-temp-allocator-size-audio-worker=65536"
    "memorysetup-temp-allocator-size-cloud-worker=32768"
    "memorysetup-temp-allocator-size-gi-baking-worker=262144"
    "memorysetup-temp-allocator-size-gfx=262144"
Player connection [9868] Host "[IP] 10.5.0.2 [Port] 0 [Flags] 2 [Guid] 2280710290 [EditorId] 2280710290 [Version] 1048832 [Id] WindowsEditor(7,JAMES-DESKTOPALIEN) [Debug] 1 [PackageName] WindowsEditor [ProjectName] Editor" joined multi-casting on [225.0.0.222:54997]...

Player connection [9868] Host "[IP] 10.5.0.2 [Port] 0 [Flags] 2 [Guid] 2280710290 [EditorId] 2280710290 [Version] 1048832 [Id] WindowsEditor(7,JAMES-DESKTOPALIEN) [Debug] 1 [PackageName] WindowsEditor [ProjectName] Editor" joined alternative multi-casting on [225.0.0.222:34997]...

Refreshing native plugins compatible for Editor in 113.55 ms, found 3 plugins.
Preloading 0 native plugins for Editor in 0.00 ms.
Initialize engine version: 2021.3.16f1 (4016570cf34f)
[Subsystems] Discovering subsystems at path C:/Program Files/Unity/Hub/Editor/2021.3.16f1/Editor/Data/Resources/UnitySubsystems
[Subsystems] Discovering subsystems at path C:/Users/16313/OneDrive/git-repos/INF-471-JG/fps471/Assets
GfxDevice: creating device client; threaded=0; jobified=0
Direct3D:
    Version:  Direct3D 11.0 [level 11.1]
    Renderer: NVIDIA GeForce RTX 2060 (ID=0x1f08)
    Vendor:   NVIDIA
    VRAM:     5968 MB
    Driver:   31.0.15.3758
Initialize mono
Mono path[0] = 'C:/Program Files/Unity/Hub/Editor/2021.3.16f1/Editor/Data/Managed'
Mono path[1] = 'C:/Program Files/Unity/Hub/Editor/2021.3.16f1/Editor/Data/MonoBleedingEdge/lib/mono/unityjit-win32'
Mono config path = 'C:/Program Files/Unity/Hub/Editor/2021.3.16f1/Editor/Data/MonoBleedingEdge/etc'
Using monoOptions --debugger-agent=transport=dt_socket,embedding=1,server=y,suspend=n,address=127.0.0.1:56724
Begin MonoManager ReloadAssembly
Registering precompiled unity dll's ...
Register platform support module: C:/Program Files/Unity/Hub/Editor/2021.3.16f1/Editor/Data/PlaybackEngines/WebGLSupport/UnityEditor.WebGL.Extensions.dll
Register platform support module: C:/Program Files/Unity/Hub/Editor/2021.3.16f1/Editor/Data/PlaybackEngines/AndroidPlayer/UnityEditor.Android.Extensions.dll
Register platform support module: C:/Program Files/Unity/Hub/Editor/2021.3.16f1/Editor/Data/PlaybackEngines/WindowsStandaloneSupport/UnityEditor.WindowsStandalone.Extensions.dll
Registered in 0.009665 seconds.
Native extension for WindowsStandalone target not found
Native extension for Android target not found
Native extension for WebGL target not found
Refreshing native plugins compatible for Editor in 85.87 ms, found 3 plugins.
Preloading 0 native plugins for Editor in 0.00 ms.
Mono: successfully reloaded assembly
- Completed reload, in  0.679 seconds
Domain Reload Profiling:
	ReloadAssembly (679ms)
		BeginReloadAssembly (87ms)
			ExecutionOrderSort (0ms)
			DisableScriptedObjects (0ms)
			BackupInstance (0ms)
			ReleaseScriptingObjects (0ms)
			CreateAndSetChildDomain (1ms)
		EndReloadAssembly (479ms)
			LoadAssemblies (85ms)
			RebuildTransferFunctionScriptingTraits (0ms)
			SetupTypeCache (114ms)
			ReleaseScriptCaches (0ms)
			RebuildScriptCaches (32ms)
			SetupLoadedEditorAssemblies (281ms)
				LogAssemblyErrors (0ms)
				InitializePlatformSupportModulesInManaged (57ms)
				SetLoadedEditorAssemblies (0ms)
				RefreshPlugins (86ms)
				BeforeProcessingInitializeOnLoad (1ms)
				ProcessInitializeOnLoadAttributes (93ms)
				ProcessInitializeOnLoadMethodAttributes (44ms)
				AfterProcessingInitializeOnLoad (0ms)
				EditorAssembliesLoaded (0ms)
			ExecutionOrderSort2 (0ms)
			AwakeInstancesAfterBackupRestoration (0ms)
Platform modules already initialized, skipping
Registering precompiled user dll's ...
Registered in 0.010919 seconds.
Begin MonoManager ReloadAssembly
Symbol file LoadedFromMemory doesn't match image C:\Users\16313\OneDrive\git-repos\INF-471-JG\fps471\Library\PackageCache\com.unity.visualscripting@1.8.0\Editor\VisualScripting.Core\Dependencies\YamlDotNet\Unity.VisualScripting.YamlDotNet.dll
Symbol file LoadedFromMemory doesn't match image C:\Users\16313\OneDrive\git-repos\INF-471-JG\fps471\Library\PackageCache\com.unity.visualscripting@1.8.0\Editor\VisualScripting.Core\Dependencies\DotNetZip\Unity.VisualScripting.IonicZip.dll
Native extension for WindowsStandalone target not found
Native extension for Android target not found
Native extension for WebGL target not found
Refreshing native plugins compatible for Editor in 77.58 ms, found 3 plugins.
Preloading 0 native plugins for Editor in 0.00 ms.
Mono: successfully reloaded assembly
- Completed reload, in  1.329 seconds
Domain Reload Profiling:
	ReloadAssembly (1330ms)
		BeginReloadAssembly (221ms)
			ExecutionOrderSort (0ms)
			DisableScriptedObjects (6ms)
			BackupInstance (0ms)
			ReleaseScriptingObjects (0ms)
			CreateAndSetChildDomain (120ms)
		EndReloadAssembly (984ms)
			LoadAssemblies (110ms)
			RebuildTransferFunctionScriptingTraits (0ms)
			SetupTypeCache (309ms)
			ReleaseScriptCaches (1ms)
			RebuildScriptCaches (51ms)
			SetupLoadedEditorAssemblies (480ms)
				LogAssemblyErrors (0ms)
				InitializePlatformSupportModulesInManaged (14ms)
				SetLoadedEditorAssemblies (0ms)
				RefreshPlugins (78ms)
				BeforeProcessingInitializeOnLoad (89ms)
				ProcessInitializeOnLoadAttributes (271ms)
				ProcessInitializeOnLoadMethodAttributes (19ms)
				AfterProcessingInitializeOnLoad (9ms)
				EditorAssembliesLoaded (0ms)
			ExecutionOrderSort2 (0ms)
			AwakeInstancesAfterBackupRestoration (8ms)
Platform modules already initialized, skipping
========================================================================
Worker process is ready to serve import requests
Launched and connected shader compiler UnityShaderCompiler.exe after 0.05 seconds
Refreshing native plugins compatible for Editor in 0.81 ms, found 3 plugins.
Preloading 0 native plugins for Editor in 0.00 ms.
Unloading 3718 Unused Serialized files (Serialized files now loaded: 0)
Unloading 30 unused Assets / (113.7 KB). Loaded Objects now: 4178.
Memory consumption went from 131.4 MB to 131.3 MB.
Total: 3.483600 ms (FindLiveObjects: 0.330400 ms CreateObjectMapping: 0.335600 ms MarkObjects: 2.695000 ms  DeleteObjects: 0.121600 ms)

AssetImportParameters requested are different than current active one (requested -> active):
  custom:video-decoder-ogg-theora: a1e56fd34408186e4bbccfd4996cb3dc -> 
  custom:container-muxer-webm: aa71ff27fc2769a1b78a27578f13a17b -> 
  custom:container-demuxer-webm: 4f35f7cbe854078d1ac9338744f61a02 -> 
  custom:video-encoder-webm-vp8: eb34c28f22e8b96e1ab97ce403110664 -> 
  custom:video-codec-MediaFoundation-h265: 746d11721c4dcdbdad8f713fa42b33f4 -> 
  custom:audio-encoder-webm-vorbis: bf7c407c2cedff20999df2af8eb42d56 -> 
  custom:framework-win-MediaFoundation: 216162199b28c13a410421893ffa2e32 -> 
  custom:container-demuxer-ogg: 62fdf1f143b41e24485cea50d1cbac27 -> 
  custom:video-decoder-webm-vp8: 9c59270c3fd7afecdb556c50c9e8de78 -> 
  custom:audio-decoder-ogg-vorbis: bf7c407c2cedff20999df2af8eb42d56 -> 
========================================================================
Received Import Request.
  Time since last request: 555766.426264 seconds.
  path: Assets/Player.prefab
  artifactKey: Guid(7565b9a3156533248beb3562e39f792a) Importer(815301076,1909f56bfc062723c751e8b465ee728b)
Start importing Assets/Player.prefab using Guid(7565b9a3156533248beb3562e39f792a) Importer(815301076,1909f56bfc062723c751e8b465ee728b)  -> (artifact id: '2fbcb3e7401b81e0a0c48b87326e02b5') in 0.136606 seconds 
========================================================================
Received Prepare
Registering precompiled user dll's ...
Registered in 0.012973 seconds.
Begin MonoManager ReloadAssembly
Symbol file LoadedFromMemory doesn't match image C:\Users\16313\OneDrive\git-repos\INF-471-JG\fps471\Library\PackageCache\com.unity.visualscripting@1.8.0\Editor\VisualScripting.Core\Dependencies\YamlDotNet\Unity.VisualScripting.YamlDotNet.dll
Symbol file LoadedFromMemory doesn't match image C:\Users\16313\OneDrive\git-repos\INF-471-JG\fps471\Library\PackageCache\com.unity.visualscripting@1.8.0\Editor\VisualScripting.Core\Dependencies\DotNetZip\Unity.VisualScripting.IonicZip.dll
Native extension for WindowsStandalone target not found
Native extension for Android target not found
Native extension for WebGL target not found
Refreshing native plugins compatible for Editor in 0.65 ms, found 3 plugins.
Preloading 0 native plugins for Editor in 0.00 ms.
Mono: successfully reloaded assembly
- Completed reload, in  1.107 seconds
Domain Reload Profiling:
	ReloadAssembly (1108ms)
		BeginReloadAssembly (154ms)
			ExecutionOrderSort (0ms)
			DisableScriptedObjects (4ms)
			BackupInstance (0ms)
			ReleaseScriptingObjects (0ms)
			CreateAndSetChildDomain (38ms)
		EndReloadAssembly (850ms)
			LoadAssemblies (124ms)
			RebuildTransferFunctionScriptingTraits (0ms)
			SetupTypeCache (289ms)
			ReleaseScriptCaches (1ms)
			RebuildScriptCaches (40ms)
			SetupLoadedEditorAssemblies (364ms)
				LogAssemblyErrors (0ms)
				InitializePlatformSupportModulesInManaged (23ms)
				SetLoadedEditorAssemblies (0ms)
				RefreshPlugins (1ms)
				BeforeProcessingInitializeOnLoad (67ms)
				ProcessInitializeOnLoadAttributes (241ms)
				ProcessInitializeOnLoadMethodAttributes (23ms)
				AfterProcessingInitializeOnLoad (9ms)
				EditorAssembliesLoaded (0ms)
			ExecutionOrderSort2 (0ms)
			AwakeInstancesAfterBackupRestoration (8ms)
Platform modules already initialized, skipping
Refreshing native plugins compatible for Editor in 2.96 ms, found 3 plugins.
Preloading 0 native plugins for Editor in 0.00 ms.
Unloading 3713 Unused Serialized files (Serialized files now loaded: 0)
Unloading 21 unused Assets / (80.2 KB). Loaded Objects now: 4192.
Memory consumption went from 135.8 MB to 135.7 MB.
Total: 3.662600 ms (FindLiveObjects: 0.392200 ms CreateObjectMapping: 0.247400 ms MarkObjects: 2.930200 ms  DeleteObjects: 0.091100 ms)

AssetImportParameters requested are different than current active one (requested -> active):
  custom:video-decoder-ogg-theora: a1e56fd34408186e4bbccfd4996cb3dc -> 
  custom:container-muxer-webm: aa71ff27fc2769a1b78a27578f13a17b -> 
  custom:container-demuxer-webm: 4f35f7cbe854078d1ac9338744f61a02 -> 
  custom:video-encoder-webm-vp8: eb34c28f22e8b96e1ab97ce403110664 -> 
  custom:video-codec-MediaFoundation-h265: 746d11721c4dcdbdad8f713fa42b33f4 -> 
  custom:audio-encoder-webm-vorbis: bf7c407c2cedff20999df2af8eb42d56 -> 
  custom:framework-win-MediaFoundation: 216162199b28c13a410421893ffa2e32 -> 
  custom:container-demuxer-ogg: 62fdf1f143b41e24485cea50d1cbac27 -> 
  custom:video-decoder-webm-vp8: 9c59270c3fd7afecdb556c50c9e8de78 -> 
  custom:audio-decoder-ogg-vorbis: bf7c407c2cedff20999df2af8eb42d56 -> 
========================================================================
Received Prepare
Registering precompiled user dll's ...
Registered in 0.010094 seconds.
Begin MonoManager ReloadAssembly
Symbol file LoadedFromMemory doesn't match image C:\Users\16313\OneDrive\git-repos\INF-471-JG\fps471\Library\PackageCache\com.unity.visualscripting@1.8.0\Editor\VisualScripting.Core\Dependencies\YamlDotNet\Unity.VisualScripting.YamlDotNet.dll
Symbol file LoadedFromMemory doesn't match image C:\Users\16313\OneDrive\git-repos\INF-471-JG\fps471\Library\PackageCache\com.unity.visualscripting@1.8.0\Editor\VisualScripting.Core\Dependencies\DotNetZip\Unity.VisualScripting.IonicZip.dll
Native extension for WindowsStandalone target not found
Native extension for Android target not found
Native extension for WebGL target not found
Refreshing native plugins compatible for Editor in 0.65 ms, found 3 plugins.
Preloading 0 native plugins for Editor in 0.00 ms.
Mono: successfully reloaded assembly
- Completed reload, in  1.096 seconds
Domain Reload Profiling:
	ReloadAssembly (1097ms)
		BeginReloadAssembly (147ms)
			ExecutionOrderSort (0ms)
			DisableScriptedObjects (5ms)
			BackupInstance (0ms)
			ReleaseScriptingObjects (0ms)
			CreateAndSetChildDomain (36ms)
		EndReloadAssembly (849ms)
			LoadAssemblies (115ms)
			RebuildTransferFunctionScriptingTraits (0ms)
			SetupTypeCache (282ms)
			ReleaseScriptCaches (1ms)
			RebuildScriptCaches (38ms)
			SetupLoadedEditorAssemblies (376ms)
				LogAssemblyErrors (0ms)
				InitializePlatformSupportModulesInManaged (23ms)
				SetLoadedEditorAssemblies (0ms)
				RefreshPlugins (1ms)
				BeforeProcessingInitializeOnLoad (68ms)
				ProcessInitializeOnLoadAttributes (250ms)
				ProcessInitializeOnLoadMethodAttributes (24ms)
				AfterProcessingInitializeOnLoad (10ms)
				EditorAssembliesLoaded (0ms)
			ExecutionOrderSort2 (0ms)
			AwakeInstancesAfterBackupRestoration (8ms)
Platform modules already initialized, skipping
Refreshing native plugins compatible for Editor in 2.50 ms, found 3 plugins.
Preloading 0 native plugins for Editor in 0.00 ms.
Unloading 3713 Unused Serialized files (Serialized files now loaded: 0)
Unloading 21 unused Assets / (80.1 KB). Loaded Objects now: 4195.
Memory consumption went from 135.8 MB to 135.7 MB.
Total: 3.024100 ms (FindLiveObjects: 0.280400 ms CreateObjectMapping: 0.192300 ms MarkObjects: 2.449000 ms  DeleteObjects: 0.101500 ms)

AssetImportParameters requested are different than current active one (requested -> active):
  custom:video-decoder-ogg-theora: a1e56fd34408186e4bbccfd4996cb3dc -> 
  custom:container-muxer-webm: aa71ff27fc2769a1b78a27578f13a17b -> 
  custom:container-demuxer-webm: 4f35f7cbe854078d1ac9338744f61a02 -> 
  custom:video-encoder-webm-vp8: eb34c28f22e8b96e1ab97ce403110664 -> 
  custom:video-codec-MediaFoundation-h265: 746d11721c4dcdbdad8f713fa42b33f4 -> 
  custom:audio-encoder-webm-vorbis: bf7c407c2cedff20999df2af8eb42d56 -> 
  custom:framework-win-MediaFoundation: 216162199b28c13a410421893ffa2e32 -> 
  custom:container-demuxer-ogg: 62fdf1f143b41e24485cea50d1cbac27 -> 
  custom:video-decoder-webm-vp8: 9c59270c3fd7afecdb556c50c9e8de78 -> 
  custom:audio-decoder-ogg-vorbis: bf7c407c2cedff20999df2af8eb42d56 -> 
========================================================================
Received Import Request.
  Time since last request: 90.041857 seconds.
  path: Assets/LowPolyAlienWorld/Flora/Prefabs/BigPlant_02.prefab
  artifactKey: Guid(9b2afb2de81f7fa4bb4c6c9533ff3e7f) Importer(815301076,1909f56bfc062723c751e8b465ee728b)
Start importing Assets/LowPolyAlienWorld/Flora/Prefabs/BigPlant_02.prefab using Guid(9b2afb2de81f7fa4bb4c6c9533ff3e7f) Importer(815301076,1909f56bfc062723c751e8b465ee728b)  -> (artifact id: '87b8d285b2d7e2dd1b94a4257751609e') in 0.096047 seconds 
========================================================================
Received Import Request.
  Time since last request: 0.000032 seconds.
  path: Assets/LowPolyAlienWorld/Rocks/Prefabs/RockFormation_02.prefab
  artifactKey: Guid(7fe8fb23b001d994f92ccc500f281cf8) Importer(815301076,1909f56bfc062723c751e8b465ee728b)
Start importing Assets/LowPolyAlienWorld/Rocks/Prefabs/RockFormation_02.prefab using Guid(7fe8fb23b001d994f92ccc500f281cf8) Importer(815301076,1909f56bfc062723c751e8b465ee728b)  -> (artifact id: 'f90a3fe73ddcaf90a6278f5c19dc5787') in 0.019931 seconds 
========================================================================
Received Import Request.
  Time since last request: 0.000027 seconds.
  path: Assets/LowPolyAlienWorld/Rocks/Prefabs/SmallRock_02.prefab
  artifactKey: Guid(21006dba7e3f90042b36bf9b5f6af51e) Importer(815301076,1909f56bfc062723c751e8b465ee728b)
Start importing Assets/LowPolyAlienWorld/Rocks/Prefabs/SmallRock_02.prefab using Guid(21006dba7e3f90042b36bf9b5f6af51e) Importer(815301076,1909f56bfc062723c751e8b465ee728b)  -> (artifact id: '0c7cbf9473a2236f4fb4a816232e832a') in 0.021006 seconds 
========================================================================
Received Import Request.
  Time since last request: 0.000034 seconds.
  path: Assets/LowPolyAlienWorld/Rocks/Prefabs/BigRock_02.prefab
  artifactKey: Guid(b8afcb16b9632e344899c70492bcf933) Importer(815301076,1909f56bfc062723c751e8b465ee728b)
Start importing Assets/LowPolyAlienWorld/Rocks/Prefabs/BigRock_02.prefab using Guid(b8afcb16b9632e344899c70492bcf933) Importer(815301076,1909f56bfc062723c751e8b465ee728b)  -> (artifact id: 'df18f0651bdb41412b73707ac932a2bd') in 0.023582 seconds 
========================================================================
Received Import Request.
  Time since last request: 0.000041 seconds.
  path: Assets/LowPolyAlienWorld/Rocks/Prefabs/SmallRock_04.prefab
  artifactKey: Guid(c7c726d17347cd44a8b6a3d3600f37b9) Importer(815301076,1909f56bfc062723c751e8b465ee728b)
Start importing Assets/LowPolyAlienWorld/Rocks/Prefabs/SmallRock_04.prefab using Guid(c7c726d17347cd44a8b6a3d3600f37b9) Importer(815301076,1909f56bfc062723c751e8b465ee728b)  -> (artifact id: '40dc3c84946ec1cc7c3d00a90fd660ed') in 0.023273 seconds 
========================================================================
Received Import Request.
  Time since last request: 0.000030 seconds.
  path: Assets/LowPolyAlienWorld/Rocks/Prefabs/RockFormation_05.prefab
  artifactKey: Guid(8fcd235d2094ac44094696a898fa6a10) Importer(815301076,1909f56bfc062723c751e8b465ee728b)
Start importing Assets/LowPolyAlienWorld/Rocks/Prefabs/RockFormation_05.prefab using Guid(8fcd235d2094ac44094696a898fa6a10) Importer(815301076,1909f56bfc062723c751e8b465ee728b)  -> (artifact id: '20591e432eeaf21b3c4c75d834abede4') in 0.025769 seconds 
========================================================================
Received Import Request.
  Time since last request: 0.000026 seconds.
  path: Assets/LowPolyAlienWorld/Rocks/Prefabs/RockFormation_03.prefab
  artifactKey: Guid(a07a929fcb59ef44aa0b84e31eb0078e) Importer(815301076,1909f56bfc062723c751e8b465ee728b)
Start importing Assets/LowPolyAlienWorld/Rocks/Prefabs/RockFormation_03.prefab using Guid(a07a929fcb59ef44aa0b84e31eb0078e) Importer(815301076,1909f56bfc062723c751e8b465ee728b)  -> (artifact id: '597cbc173f079c5e77272f0f64f89ed6') in 0.020922 seconds 
========================================================================
Received Import Request.
  Time since last request: 0.000022 seconds.
  path: Assets/LowPolyAlienWorld/Flora/Prefabs/SmalRoots_01.prefab
  artifactKey: Guid(736e50b5fd21b1240b02444bc774d83e) Importer(815301076,1909f56bfc062723c751e8b465ee728b)
Start importing Assets/LowPolyAlienWorld/Flora/Prefabs/SmalRoots_01.prefab using Guid(736e50b5fd21b1240b02444bc774d83e) Importer(815301076,1909f56bfc062723c751e8b465ee728b)  -> (artifact id: '1fbbf78d9de103ed3e83184b8a75ea7b') in 0.025381 seconds 
========================================================================
Received Import Request.
  Time since last request: 0.000039 seconds.
  path: Assets/LowPolyAlienWorld/Terrain.prefab
  artifactKey: Guid(f9b070a0df4bf2941a858f1c29591401) Importer(815301076,1909f56bfc062723c751e8b465ee728b)
Start importing Assets/LowPolyAlienWorld/Terrain.prefab using Guid(f9b070a0df4bf2941a858f1c29591401) Importer(815301076,1909f56bfc062723c751e8b465ee728b)  -> (artifact id: 'd718164545114aa7d4a5a0b367ba6365') in 0.023413 seconds 
========================================================================
Received Import Request.
  Time since last request: 0.000036 seconds.
  path: Assets/LowPolyAlienWorld/Rocks/Prefabs/RockFormation_06.prefab
  artifactKey: Guid(2e603bc31b2f54a41a14216f94f897cb) Importer(815301076,1909f56bfc062723c751e8b465ee728b)
Start importing Assets/LowPolyAlienWorld/Rocks/Prefabs/RockFormation_06.prefab using Guid(2e603bc31b2f54a41a14216f94f897cb) Importer(815301076,1909f56bfc062723c751e8b465ee728b)  -> (artifact id: 'a37c34cfe6a4a00e4d13f3f79b69aef2') in 0.020339 seconds 
========================================================================
Received Import Request.
  Time since last request: 0.000044 seconds.
  path: Assets/LowPolyAlienWorld/Rocks/Prefabs/RockFormation_01.prefab
  artifactKey: Guid(2ed80e4af24778742a16837f6b64d172) Importer(815301076,1909f56bfc062723c751e8b465ee728b)
Start importing Assets/LowPolyAlienWorld/Rocks/Prefabs/RockFormation_01.prefab using Guid(2ed80e4af24778742a16837f6b64d172) Importer(815301076,1909f56bfc062723c751e8b465ee728b)  -> (artifact id: '9829f6c2acd7a510bbda4b55ffdc2247') in 0.020190 seconds 
========================================================================
Received Import Request.
  Time since last request: 0.000034 seconds.
  path: Assets/LowPolyAlienWorld/Flora/Prefabs/Tenticles_01.prefab
  artifactKey: Guid(7f370a51edc99c440819f87ec0f00e2c) Importer(815301076,1909f56bfc062723c751e8b465ee728b)
Start importing Assets/LowPolyAlienWorld/Flora/Prefabs/Tenticles_01.prefab using Guid(7f370a51edc99c440819f87ec0f00e2c) Importer(815301076,1909f56bfc062723c751e8b465ee728b)  -> (artifact id: '91b78a3c4f2c2c052b99293ae27b903d') in 0.018984 seconds 
========================================================================
Received Import Request.
  Time since last request: 0.000061 seconds.
  path: Assets/LowPolyAlienWorld/Flora/Prefabs/SmallPlant_01.prefab
  artifactKey: Guid(20f64b4081161ef43b320aa975519fdc) Importer(815301076,1909f56bfc062723c751e8b465ee728b)
Start importing Assets/LowPolyAlienWorld/Flora/Prefabs/SmallPlant_01.prefab using Guid(20f64b4081161ef43b320aa975519fdc) Importer(815301076,1909f56bfc062723c751e8b465ee728b)  -> (artifact id: 'de8348f324c507168eaea2593eca3d98') in 0.021437 seconds 
========================================================================
Received Import Request.
  Time since last request: 0.000038 seconds.
  path: Assets/LowPolyAlienWorld/Rocks/Prefabs/BigRock_01.prefab
  artifactKey: Guid(07aab42f1eca6ef4887a7fa93ad8282b) Importer(815301076,1909f56bfc062723c751e8b465ee728b)
Start importing Assets/LowPolyAlienWorld/Rocks/Prefabs/BigRock_01.prefab using Guid(07aab42f1eca6ef4887a7fa93ad8282b) Importer(815301076,1909f56bfc062723c751e8b465ee728b)  -> (artifact id: 'd4877174b381b834a05153fca9f88fdc') in 0.023634 seconds 
Editor requested this worker to shutdown with reason: Scaling down because of idle timeout
AssetImportWorker is now disconnected from the server
Process exiting
Exiting without the bug reporter. Application will terminate with return code 0